{"/Users/chienlvm/Project/arcQRPay/app/src/app/api/bill/[id]/route.ts": {"path":"/Users/chienlvm/Project/arcQRPay/app/src/app/api/bill/[id]/route.ts","statementMap":{"0":{"start":{"line":24,"column":2},"end":{"line":48,"column":null}},"1":{"start":{"line":25,"column":19},"end":{"line":25,"column":null}},"2":{"start":{"line":27,"column":17},"end":{"line":30,"column":6}},"3":{"start":{"line":32,"column":4},"end":{"line":33,"column":null}},"4":{"start":{"line":33,"column":6},"end":{"line":33,"column":null}},"5":{"start":{"line":36,"column":4},"end":{"line":45,"column":null}},"6":{"start":{"line":47,"column":4},"end":{"line":47,"column":null}},"7":{"start":{"line":48,"column":4},"end":{"line":48,"column":null}}},"fnMap":{"0":{"name":"GET","decl":{"start":{"line":20,"column":22},"end":{"line":20,"column":null}},"loc":{"start":{"line":23,"column":2},"end":{"line":48,"column":null}},"line":23}},"branchMap":{"0":{"loc":{"start":{"line":32,"column":4},"end":{"line":33,"column":null}},"type":"if","locations":[{"start":{"line":32,"column":4},"end":{"line":33,"column":null}},{"start":{},"end":{}}],"line":32},"1":{"loc":{"start":{"line":43,"column":14},"end":{"line":43,"column":null}},"type":"binary-expr","locations":[{"start":{"line":43,"column":14},"end":{"line":43,"column":40}},{"start":{"line":43,"column":44},"end":{"line":43,"column":null}}],"line":43}},"s":{"0":3,"1":3,"2":3,"3":2,"4":1,"5":1,"6":1,"7":1},"f":{"0":3},"b":{"0":[1,1],"1":[1,1]},"meta":{"lastBranch":2,"lastFunction":1,"lastStatement":8,"seen":{"f:20:22:20:Infinity":0,"s:24:2:48:Infinity":0,"s:25:19:25:Infinity":1,"s:27:17:30:6":2,"b:32:4:33:Infinity:undefined:undefined:undefined:undefined":0,"s:32:4:33:Infinity":3,"s:33:6:33:Infinity":4,"s:36:4:45:Infinity":5,"b:43:14:43:40:43:44:43:Infinity":1,"s:47:4:47:Infinity":6,"s:48:4:48:Infinity":7}}}
,"/Users/chienlvm/Project/arcQRPay/app/src/app/api/bill/create/route.ts": {"path":"/Users/chienlvm/Project/arcQRPay/app/src/app/api/bill/create/route.ts","statementMap":{"0":{"start":{"line":6,"column":25},"end":{"line":9,"column":2}},"1":{"start":{"line":29,"column":2},"end":{"line":69,"column":null}},"2":{"start":{"line":30,"column":17},"end":{"line":30,"column":33}},"3":{"start":{"line":31,"column":19},"end":{"line":31,"column":51}},"4":{"start":{"line":33,"column":4},"end":{"line":34,"column":null}},"5":{"start":{"line":34,"column":6},"end":{"line":34,"column":null}},"6":{"start":{"line":37,"column":35},"end":{"line":37,"column":null}},"7":{"start":{"line":40,"column":21},"end":{"line":42,"column":6}},"8":{"start":{"line":44,"column":4},"end":{"line":45,"column":null}},"9":{"start":{"line":45,"column":6},"end":{"line":45,"column":null}},"10":{"start":{"line":48,"column":17},"end":{"line":54,"column":6}},"11":{"start":{"line":56,"column":4},"end":{"line":66,"column":null}},"12":{"start":{"line":68,"column":4},"end":{"line":68,"column":null}},"13":{"start":{"line":69,"column":4},"end":{"line":69,"column":null}}},"fnMap":{"0":{"name":"POST","decl":{"start":{"line":28,"column":22},"end":{"line":28,"column":27}},"loc":{"start":{"line":28,"column":45},"end":{"line":69,"column":null}},"line":28}},"branchMap":{"0":{"loc":{"start":{"line":33,"column":4},"end":{"line":34,"column":null}},"type":"if","locations":[{"start":{"line":33,"column":4},"end":{"line":34,"column":null}},{"start":{},"end":{}}],"line":33},"1":{"loc":{"start":{"line":44,"column":4},"end":{"line":45,"column":null}},"type":"if","locations":[{"start":{"line":44,"column":4},"end":{"line":45,"column":null}},{"start":{},"end":{}}],"line":44}},"s":{"0":1,"1":7,"2":7,"3":7,"4":7,"5":4,"6":3,"7":3,"8":3,"9":1,"10":2,"11":1,"12":1,"13":1},"f":{"0":7},"b":{"0":[4,3],"1":[1,2]},"meta":{"lastBranch":2,"lastFunction":1,"lastStatement":14,"seen":{"s:6:25:9:2":0,"f:28:22:28:27":0,"s:29:2:69:Infinity":1,"s:30:17:30:33":2,"s:31:19:31:51":3,"b:33:4:34:Infinity:undefined:undefined:undefined:undefined":0,"s:33:4:34:Infinity":4,"s:34:6:34:Infinity":5,"s:37:35:37:Infinity":6,"s:40:21:42:6":7,"b:44:4:45:Infinity:undefined:undefined:undefined:undefined":1,"s:44:4:45:Infinity":8,"s:45:6:45:Infinity":9,"s:48:17:54:6":10,"s:56:4:66:Infinity":11,"s:68:4:68:Infinity":12,"s:69:4:69:Infinity":13}}}
,"/Users/chienlvm/Project/arcQRPay/app/src/app/api/bill/sync/route.ts": {"path":"/Users/chienlvm/Project/arcQRPay/app/src/app/api/bill/sync/route.ts","statementMap":{"0":{"start":{"line":7,"column":23},"end":{"line":10,"column":2}},"1":{"start":{"line":27,"column":2},"end":{"line":76,"column":null}},"2":{"start":{"line":28,"column":17},"end":{"line":28,"column":33}},"3":{"start":{"line":29,"column":19},"end":{"line":29,"column":49}},"4":{"start":{"line":31,"column":4},"end":{"line":32,"column":null}},"5":{"start":{"line":32,"column":6},"end":{"line":32,"column":null}},"6":{"start":{"line":35,"column":31},"end":{"line":35,"column":null}},"7":{"start":{"line":37,"column":17},"end":{"line":40,"column":6}},"8":{"start":{"line":42,"column":4},"end":{"line":43,"column":null}},"9":{"start":{"line":43,"column":6},"end":{"line":43,"column":null}},"10":{"start":{"line":47,"column":4},"end":{"line":53,"column":null}},"11":{"start":{"line":48,"column":6},"end":{"line":52,"column":null}},"12":{"start":{"line":53,"column":6},"end":{"line":53,"column":null}},"13":{"start":{"line":56,"column":4},"end":{"line":57,"column":null}},"14":{"start":{"line":57,"column":6},"end":{"line":57,"column":null}},"15":{"start":{"line":61,"column":24},"end":{"line":64,"column":6}},"16":{"start":{"line":67,"column":4},"end":{"line":71,"column":null}},"17":{"start":{"line":73,"column":4},"end":{"line":73,"column":null}},"18":{"start":{"line":75,"column":4},"end":{"line":75,"column":null}},"19":{"start":{"line":76,"column":4},"end":{"line":76,"column":null}}},"fnMap":{"0":{"name":"POST","decl":{"start":{"line":26,"column":22},"end":{"line":26,"column":27}},"loc":{"start":{"line":26,"column":45},"end":{"line":76,"column":null}},"line":26}},"branchMap":{"0":{"loc":{"start":{"line":31,"column":4},"end":{"line":32,"column":null}},"type":"if","locations":[{"start":{"line":31,"column":4},"end":{"line":32,"column":null}},{"start":{},"end":{}}],"line":31},"1":{"loc":{"start":{"line":42,"column":4},"end":{"line":43,"column":null}},"type":"if","locations":[{"start":{"line":42,"column":4},"end":{"line":43,"column":null}},{"start":{},"end":{}}],"line":42},"2":{"loc":{"start":{"line":47,"column":4},"end":{"line":53,"column":null}},"type":"if","locations":[{"start":{"line":47,"column":4},"end":{"line":53,"column":null}},{"start":{},"end":{}}],"line":47},"3":{"loc":{"start":{"line":56,"column":4},"end":{"line":57,"column":null}},"type":"if","locations":[{"start":{"line":56,"column":4},"end":{"line":57,"column":null}},{"start":{},"end":{}}],"line":56}},"s":{"0":1,"1":7,"2":7,"3":7,"4":7,"5":2,"6":5,"7":5,"8":4,"9":1,"10":3,"11":1,"12":1,"13":2,"14":1,"15":1,"16":1,"17":1,"18":1,"19":1},"f":{"0":7},"b":{"0":[2,5],"1":[1,3],"2":[1,2],"3":[1,1]},"meta":{"lastBranch":4,"lastFunction":1,"lastStatement":20,"seen":{"s:7:23:10:2":0,"f:26:22:26:27":0,"s:27:2:76:Infinity":1,"s:28:17:28:33":2,"s:29:19:29:49":3,"b:31:4:32:Infinity:undefined:undefined:undefined:undefined":0,"s:31:4:32:Infinity":4,"s:32:6:32:Infinity":5,"s:35:31:35:Infinity":6,"s:37:17:40:6":7,"b:42:4:43:Infinity:undefined:undefined:undefined:undefined":1,"s:42:4:43:Infinity":8,"s:43:6:43:Infinity":9,"b:47:4:53:Infinity:undefined:undefined:undefined:undefined":2,"s:47:4:53:Infinity":10,"s:48:6:52:Infinity":11,"s:53:6:53:Infinity":12,"b:56:4:57:Infinity:undefined:undefined:undefined:undefined":3,"s:56:4:57:Infinity":13,"s:57:6:57:Infinity":14,"s:61:24:64:6":15,"s:67:4:71:Infinity":16,"s:73:4:73:Infinity":17,"s:75:4:75:Infinity":18,"s:76:4:76:Infinity":19}}}
,"/Users/chienlvm/Project/arcQRPay/app/src/app/api/merchant/create/route.ts": {"path":"/Users/chienlvm/Project/arcQRPay/app/src/app/api/merchant/create/route.ts","statementMap":{"0":{"start":{"line":7,"column":29},"end":{"line":9,"column":2}},"1":{"start":{"line":27,"column":2},"end":{"line":71,"column":null}},"2":{"start":{"line":28,"column":17},"end":{"line":28,"column":33}},"3":{"start":{"line":29,"column":19},"end":{"line":29,"column":55}},"4":{"start":{"line":31,"column":4},"end":{"line":32,"column":null}},"5":{"start":{"line":32,"column":6},"end":{"line":32,"column":null}},"6":{"start":{"line":35,"column":21},"end":{"line":35,"column":null}},"7":{"start":{"line":36,"column":10},"end":{"line":36,"column":36}},"8":{"start":{"line":39,"column":27},"end":{"line":44,"column":6}},"9":{"start":{"line":46,"column":19},"end":{"line":46,"column":null}},"10":{"start":{"line":47,"column":4},"end":{"line":48,"column":null}},"11":{"start":{"line":48,"column":6},"end":{"line":48,"column":null}},"12":{"start":{"line":52,"column":21},"end":{"line":58,"column":6}},"13":{"start":{"line":60,"column":4},"end":{"line":68,"column":null}},"14":{"start":{"line":70,"column":4},"end":{"line":70,"column":null}},"15":{"start":{"line":71,"column":4},"end":{"line":71,"column":null}}},"fnMap":{"0":{"name":"POST","decl":{"start":{"line":26,"column":22},"end":{"line":26,"column":27}},"loc":{"start":{"line":26,"column":45},"end":{"line":71,"column":null}},"line":26}},"branchMap":{"0":{"loc":{"start":{"line":31,"column":4},"end":{"line":32,"column":null}},"type":"if","locations":[{"start":{"line":31,"column":4},"end":{"line":32,"column":null}},{"start":{},"end":{}}],"line":31},"1":{"loc":{"start":{"line":47,"column":4},"end":{"line":48,"column":null}},"type":"if","locations":[{"start":{"line":47,"column":4},"end":{"line":48,"column":null}},{"start":{},"end":{}}],"line":47},"2":{"loc":{"start":{"line":47,"column":8},"end":{"line":47,"column":50}},"type":"binary-expr","locations":[{"start":{"line":47,"column":8},"end":{"line":47,"column":19}},{"start":{"line":47,"column":19},"end":{"line":47,"column":38}},{"start":{"line":47,"column":38},"end":{"line":47,"column":50}}],"line":47}},"s":{"0":1,"1":5,"2":5,"3":5,"4":5,"5":2,"6":3,"7":3,"8":3,"9":2,"10":5,"11":1,"12":1,"13":1,"14":1,"15":1},"f":{"0":5},"b":{"0":[2,3],"1":[1,4],"2":[5,1,1]},"meta":{"lastBranch":3,"lastFunction":1,"lastStatement":16,"seen":{"s:7:29:9:2":0,"f:26:22:26:27":0,"s:27:2:71:Infinity":1,"s:28:17:28:33":2,"s:29:19:29:55":3,"b:31:4:32:Infinity:undefined:undefined:undefined:undefined":0,"s:31:4:32:Infinity":4,"s:32:6:32:Infinity":5,"s:35:21:35:Infinity":6,"s:36:10:36:36":7,"s:39:27:44:6":8,"s:46:19:46:Infinity":9,"b:47:4:48:Infinity:undefined:undefined:undefined:undefined":1,"s:47:4:48:Infinity":10,"b:47:8:47:19:47:19:47:38:47:38:47:50":2,"s:48:6:48:Infinity":11,"s:52:21:58:6":12,"s:60:4:68:Infinity":13,"s:70:4:70:Infinity":14,"s:71:4:71:Infinity":15}}}
,"/Users/chienlvm/Project/arcQRPay/app/src/app/api/webhooks/circle/route.ts": {"path":"/Users/chienlvm/Project/arcQRPay/app/src/app/api/webhooks/circle/route.ts","statementMap":{"0":{"start":{"line":36,"column":2},"end":{"line":38,"column":null}},"1":{"start":{"line":37,"column":4},"end":{"line":37,"column":null}},"2":{"start":{"line":38,"column":4},"end":{"line":38,"column":null}},"3":{"start":{"line":41,"column":20},"end":{"line":41,"column":null}},"4":{"start":{"line":42,"column":2},"end":{"line":44,"column":null}},"5":{"start":{"line":43,"column":4},"end":{"line":43,"column":null}},"6":{"start":{"line":44,"column":4},"end":{"line":44,"column":null}},"7":{"start":{"line":47,"column":20},"end":{"line":47,"column":57}},"8":{"start":{"line":48,"column":2},"end":{"line":48,"column":null}},"9":{"start":{"line":48,"column":18},"end":{"line":48,"column":null}},"10":{"start":{"line":50,"column":2},"end":{"line":55,"column":null}},"11":{"start":{"line":51,"column":21},"end":{"line":51,"column":57}},"12":{"start":{"line":52,"column":4},"end":{"line":52,"column":null}},"13":{"start":{"line":53,"column":4},"end":{"line":53,"column":null}},"14":{"start":{"line":55,"column":4},"end":{"line":55,"column":null}},"15":{"start":{"line":78,"column":2},"end":{"line":81,"column":null}},"16":{"start":{"line":79,"column":4},"end":{"line":79,"column":null}},"17":{"start":{"line":81,"column":4},"end":{"line":81,"column":null}},"18":{"start":{"line":85,"column":2},"end":{"line":87,"column":null}},"19":{"start":{"line":86,"column":4},"end":{"line":86,"column":null}},"20":{"start":{"line":87,"column":4},"end":{"line":87,"column":null}},"21":{"start":{"line":91,"column":2},"end":{"line":94,"column":null}},"22":{"start":{"line":92,"column":4},"end":{"line":92,"column":null}},"23":{"start":{"line":94,"column":4},"end":{"line":94,"column":null}},"24":{"start":{"line":98,"column":2},"end":{"line":99,"column":null}},"25":{"start":{"line":99,"column":4},"end":{"line":99,"column":null}},"26":{"start":{"line":102,"column":23},"end":{"line":102,"column":null}},"27":{"start":{"line":104,"column":2},"end":{"line":106,"column":null}},"28":{"start":{"line":105,"column":4},"end":{"line":105,"column":null}},"29":{"start":{"line":106,"column":4},"end":{"line":106,"column":null}},"30":{"start":{"line":109,"column":25},"end":{"line":109,"column":73}},"31":{"start":{"line":110,"column":29},"end":{"line":110,"column":71}},"32":{"start":{"line":111,"column":17},"end":{"line":111,"column":null}},"33":{"start":{"line":113,"column":2},"end":{"line":114,"column":null}},"34":{"start":{"line":114,"column":4},"end":{"line":114,"column":null}},"35":{"start":{"line":118,"column":19},"end":{"line":120,"column":4}},"36":{"start":{"line":122,"column":2},"end":{"line":124,"column":null}},"37":{"start":{"line":123,"column":4},"end":{"line":123,"column":null}},"38":{"start":{"line":124,"column":4},"end":{"line":124,"column":null}},"39":{"start":{"line":128,"column":27},"end":{"line":128,"column":null}},"40":{"start":{"line":129,"column":15},"end":{"line":139,"column":4}},"41":{"start":{"line":141,"column":2},"end":{"line":145,"column":null}},"42":{"start":{"line":142,"column":4},"end":{"line":144,"column":null}},"43":{"start":{"line":145,"column":4},"end":{"line":145,"column":null}},"44":{"start":{"line":149,"column":2},"end":{"line":150,"column":null}},"45":{"start":{"line":150,"column":4},"end":{"line":150,"column":null}},"46":{"start":{"line":154,"column":2},"end":{"line":157,"column":null}},"47":{"start":{"line":159,"column":2},"end":{"line":159,"column":null}},"48":{"start":{"line":162,"column":2},"end":{"line":170,"column":null}},"49":{"start":{"line":163,"column":4},"end":{"line":167,"column":null}},"50":{"start":{"line":170,"column":4},"end":{"line":170,"column":null}},"51":{"start":{"line":173,"column":2},"end":{"line":173,"column":null}}},"fnMap":{"0":{"name":"verifySNSSignature","decl":{"start":{"line":34,"column":9},"end":{"line":34,"column":28}},"loc":{"start":{"line":34,"column":72},"end":{"line":55,"column":null}},"line":34},"1":{"name":"POST","decl":{"start":{"line":75,"column":22},"end":{"line":75,"column":27}},"loc":{"start":{"line":75,"column":45},"end":{"line":173,"column":null}},"line":75}},"branchMap":{"0":{"loc":{"start":{"line":36,"column":2},"end":{"line":38,"column":null}},"type":"if","locations":[{"start":{"line":36,"column":2},"end":{"line":38,"column":null}},{"start":{},"end":{}}],"line":36},"1":{"loc":{"start":{"line":42,"column":2},"end":{"line":44,"column":null}},"type":"if","locations":[{"start":{"line":42,"column":2},"end":{"line":44,"column":null}},{"start":{},"end":{}}],"line":42},"2":{"loc":{"start":{"line":48,"column":2},"end":{"line":48,"column":null}},"type":"if","locations":[{"start":{"line":48,"column":2},"end":{"line":48,"column":null}},{"start":{},"end":{}}],"line":48},"3":{"loc":{"start":{"line":85,"column":2},"end":{"line":87,"column":null}},"type":"if","locations":[{"start":{"line":85,"column":2},"end":{"line":87,"column":null}},{"start":{},"end":{}}],"line":85},"4":{"loc":{"start":{"line":98,"column":2},"end":{"line":99,"column":null}},"type":"if","locations":[{"start":{"line":98,"column":2},"end":{"line":99,"column":null}},{"start":{},"end":{}}],"line":98},"5":{"loc":{"start":{"line":104,"column":2},"end":{"line":106,"column":null}},"type":"if","locations":[{"start":{"line":104,"column":2},"end":{"line":106,"column":null}},{"start":{},"end":{}}],"line":104},"6":{"loc":{"start":{"line":109,"column":36},"end":{"line":109,"column":73}},"type":"binary-expr","locations":[{"start":{"line":109,"column":36},"end":{"line":109,"column":69}},{"start":{"line":109,"column":69},"end":{"line":109,"column":73}}],"line":109},"7":{"loc":{"start":{"line":113,"column":2},"end":{"line":114,"column":null}},"type":"if","locations":[{"start":{"line":113,"column":2},"end":{"line":114,"column":null}},{"start":{},"end":{}}],"line":113},"8":{"loc":{"start":{"line":113,"column":6},"end":{"line":113,"column":61}},"type":"binary-expr","locations":[{"start":{"line":113,"column":6},"end":{"line":113,"column":29}},{"start":{"line":113,"column":29},"end":{"line":113,"column":40}},{"start":{"line":113,"column":40},"end":{"line":113,"column":61}}],"line":113},"9":{"loc":{"start":{"line":122,"column":2},"end":{"line":124,"column":null}},"type":"if","locations":[{"start":{"line":122,"column":2},"end":{"line":124,"column":null}},{"start":{},"end":{}}],"line":122},"10":{"loc":{"start":{"line":141,"column":2},"end":{"line":145,"column":null}},"type":"if","locations":[{"start":{"line":141,"column":2},"end":{"line":145,"column":null}},{"start":{},"end":{}}],"line":141},"11":{"loc":{"start":{"line":149,"column":2},"end":{"line":150,"column":null}},"type":"if","locations":[{"start":{"line":149,"column":2},"end":{"line":150,"column":null}},{"start":{},"end":{}}],"line":149}},"s":{"0":15,"1":12,"2":12,"3":3,"4":3,"5":1,"6":1,"7":2,"8":2,"9":2,"10":1,"11":1,"12":1,"13":1,"14":1,"15":16,"16":16,"17":1,"18":15,"19":3,"20":3,"21":12,"22":12,"23":1,"24":11,"25":1,"26":10,"27":10,"28":1,"29":1,"30":9,"31":16,"32":16,"33":16,"34":4,"35":5,"36":5,"37":1,"38":1,"39":4,"40":4,"41":4,"42":1,"43":1,"44":3,"45":1,"46":2,"47":2,"48":2,"49":2,"50":1,"51":2},"f":{"0":15,"1":16},"b":{"0":[12,3],"1":[1,2],"2":[1,1],"3":[3,12],"4":[1,10],"5":[1,9],"6":[9,1],"7":[4,12],"8":[16,8,7],"9":[1,4],"10":[1,3],"11":[1,2]},"meta":{"lastBranch":12,"lastFunction":2,"lastStatement":52,"seen":{"f:34:9:34:28":0,"b:36:2:38:Infinity:undefined:undefined:undefined:undefined":0,"s:36:2:38:Infinity":0,"s:37:4:37:Infinity":1,"s:38:4:38:Infinity":2,"s:41:20:41:Infinity":3,"b:42:2:44:Infinity:undefined:undefined:undefined:undefined":1,"s:42:2:44:Infinity":4,"s:43:4:43:Infinity":5,"s:44:4:44:Infinity":6,"s:47:20:47:57":7,"b:48:2:48:Infinity:undefined:undefined:undefined:undefined":2,"s:48:2:48:Infinity":8,"s:48:18:48:Infinity":9,"s:50:2:55:Infinity":10,"s:51:21:51:57":11,"s:52:4:52:Infinity":12,"s:53:4:53:Infinity":13,"s:55:4:55:Infinity":14,"f:75:22:75:27":1,"s:78:2:81:Infinity":15,"s:79:4:79:Infinity":16,"s:81:4:81:Infinity":17,"b:85:2:87:Infinity:undefined:undefined:undefined:undefined":3,"s:85:2:87:Infinity":18,"s:86:4:86:Infinity":19,"s:87:4:87:Infinity":20,"s:91:2:94:Infinity":21,"s:92:4:92:Infinity":22,"s:94:4:94:Infinity":23,"b:98:2:99:Infinity:undefined:undefined:undefined:undefined":4,"s:98:2:99:Infinity":24,"s:99:4:99:Infinity":25,"s:102:23:102:Infinity":26,"b:104:2:106:Infinity:undefined:undefined:undefined:undefined":5,"s:104:2:106:Infinity":27,"s:105:4:105:Infinity":28,"s:106:4:106:Infinity":29,"s:109:25:109:73":30,"b:109:36:109:69:109:69:109:73":6,"s:110:29:110:71":31,"s:111:17:111:Infinity":32,"b:113:2:114:Infinity:undefined:undefined:undefined:undefined":7,"s:113:2:114:Infinity":33,"b:113:6:113:29:113:29:113:40:113:40:113:61":8,"s:114:4:114:Infinity":34,"s:118:19:120:4":35,"b:122:2:124:Infinity:undefined:undefined:undefined:undefined":9,"s:122:2:124:Infinity":36,"s:123:4:123:Infinity":37,"s:124:4:124:Infinity":38,"s:128:27:128:Infinity":39,"s:129:15:139:4":40,"b:141:2:145:Infinity:undefined:undefined:undefined:undefined":10,"s:141:2:145:Infinity":41,"s:142:4:144:Infinity":42,"s:145:4:145:Infinity":43,"b:149:2:150:Infinity:undefined:undefined:undefined:undefined":11,"s:149:2:150:Infinity":44,"s:150:4:150:Infinity":45,"s:154:2:157:Infinity":46,"s:159:2:159:Infinity":47,"s:162:2:170:Infinity":48,"s:163:4:167:Infinity":49,"s:170:4:170:Infinity":50,"s:173:2:173:Infinity":51}}}
,"/Users/chienlvm/Project/arcQRPay/app/src/lib/api-response.ts": {"path":"/Users/chienlvm/Project/arcQRPay/app/src/lib/api-response.ts","statementMap":{"0":{"start":{"line":21,"column":2},"end":{"line":21,"column":null}},"1":{"start":{"line":26,"column":2},"end":{"line":26,"column":null}}},"fnMap":{"0":{"name":"errorResponse","decl":{"start":{"line":16,"column":16},"end":{"line":16,"column":null}},"loc":{"start":{"line":20,"column":26},"end":{"line":21,"column":null}},"line":20},"1":{"name":"successResponse","decl":{"start":{"line":25,"column":16},"end":{"line":25,"column":35}},"loc":{"start":{"line":25,"column":86},"end":{"line":26,"column":null}},"line":25}},"branchMap":{"0":{"loc":{"start":{"line":19,"column":2},"end":{"line":19,"column":null}},"type":"default-arg","locations":[{"start":{"line":19,"column":34},"end":{"line":19,"column":null}}],"line":19},"1":{"loc":{"start":{"line":25,"column":44},"end":{"line":25,"column":86}},"type":"default-arg","locations":[{"start":{"line":25,"column":64},"end":{"line":25,"column":86}}],"line":25}},"s":{"0":26,"1":12},"f":{"0":26,"1":12},"b":{"0":[26],"1":[12]},"meta":{"lastBranch":2,"lastFunction":2,"lastStatement":2,"seen":{"f:16:16:16:Infinity":0,"b:19:34:19:Infinity":0,"s:21:2:21:Infinity":0,"f:25:16:25:35":1,"b:25:64:25:86":1,"s:26:2:26:Infinity":1}}}
,"/Users/chienlvm/Project/arcQRPay/app/src/lib/circle.ts": {"path":"/Users/chienlvm/Project/arcQRPay/app/src/lib/circle.ts","statementMap":{"0":{"start":{"line":9,"column":87},"end":{"line":9,"column":null}},"1":{"start":{"line":12,"column":2},"end":{"line":25,"column":null}},"2":{"start":{"line":13,"column":19},"end":{"line":13,"column":null}},"3":{"start":{"line":14,"column":25},"end":{"line":14,"column":null}},"4":{"start":{"line":16,"column":4},"end":{"line":19,"column":null}},"5":{"start":{"line":17,"column":6},"end":{"line":19,"column":null}},"6":{"start":{"line":22,"column":4},"end":{"line":25,"column":null}},"7":{"start":{"line":28,"column":2},"end":{"line":28,"column":null}},"8":{"start":{"line":32,"column":36},"end":{"line":32,"column":null}},"9":{"start":{"line":35,"column":33},"end":{"line":35,"column":null}}},"fnMap":{"0":{"name":"getCircleClient","decl":{"start":{"line":11,"column":16},"end":{"line":11,"column":34}},"loc":{"start":{"line":11,"column":34},"end":{"line":28,"column":null}},"line":11}},"branchMap":{"0":{"loc":{"start":{"line":12,"column":2},"end":{"line":25,"column":null}},"type":"if","locations":[{"start":{"line":12,"column":2},"end":{"line":25,"column":null}},{"start":{},"end":{}}],"line":12},"1":{"loc":{"start":{"line":16,"column":4},"end":{"line":19,"column":null}},"type":"if","locations":[{"start":{"line":16,"column":4},"end":{"line":19,"column":null}},{"start":{},"end":{}}],"line":16},"2":{"loc":{"start":{"line":16,"column":8},"end":{"line":16,"column":34}},"type":"binary-expr","locations":[{"start":{"line":16,"column":8},"end":{"line":16,"column":19}},{"start":{"line":16,"column":19},"end":{"line":16,"column":34}}],"line":16}},"s":{"0":0,"1":0,"2":0,"3":0,"4":0,"5":0,"6":0,"7":0,"8":0,"9":0},"f":{"0":0},"b":{"0":[0,0],"1":[0,0],"2":[0,0]},"meta":{"lastBranch":3,"lastFunction":1,"lastStatement":10,"seen":{"s:9:87:9:Infinity":0,"f:11:16:11:34":0,"b:12:2:25:Infinity:undefined:undefined:undefined:undefined":0,"s:12:2:25:Infinity":1,"s:13:19:13:Infinity":2,"s:14:25:14:Infinity":3,"b:16:4:19:Infinity:undefined:undefined:undefined:undefined":1,"s:16:4:19:Infinity":4,"b:16:8:16:19:16:19:16:34":2,"s:17:6:19:Infinity":5,"s:22:4:25:Infinity":6,"s:28:2:28:Infinity":7,"s:32:36:32:Infinity":8,"s:35:33:35:Infinity":9}}}
,"/Users/chienlvm/Project/arcQRPay/app/src/lib/prisma.ts": {"path":"/Users/chienlvm/Project/arcQRPay/app/src/lib/prisma.ts","statementMap":{"0":{"start":{"line":4,"column":24},"end":{"line":4,"column":null}},"1":{"start":{"line":13,"column":22},"end":{"line":13,"column":null}},"2":{"start":{"line":14,"column":2},"end":{"line":15,"column":null}},"3":{"start":{"line":15,"column":4},"end":{"line":15,"column":null}},"4":{"start":{"line":18,"column":18},"end":{"line":18,"column":65}},"5":{"start":{"line":20,"column":2},"end":{"line":26,"column":null}},"6":{"start":{"line":29,"column":22},"end":{"line":29,"column":68}},"7":{"start":{"line":31,"column":0},"end":{"line":32,"column":null}},"8":{"start":{"line":32,"column":2},"end":{"line":32,"column":null}}},"fnMap":{"0":{"name":"createPrismaClient","decl":{"start":{"line":12,"column":9},"end":{"line":12,"column":44}},"loc":{"start":{"line":12,"column":44},"end":{"line":26,"column":null}},"line":12}},"branchMap":{"0":{"loc":{"start":{"line":14,"column":2},"end":{"line":15,"column":null}},"type":"if","locations":[{"start":{"line":14,"column":2},"end":{"line":15,"column":null}},{"start":{},"end":{}}],"line":14},"1":{"loc":{"start":{"line":22,"column":4},"end":{"line":25,"column":null}},"type":"cond-expr","locations":[{"start":{"line":24,"column":10},"end":{"line":24,"column":null}},{"start":{"line":25,"column":10},"end":{"line":25,"column":null}}],"line":22},"2":{"loc":{"start":{"line":29,"column":22},"end":{"line":29,"column":68}},"type":"binary-expr","locations":[{"start":{"line":29,"column":22},"end":{"line":29,"column":48}},{"start":{"line":29,"column":48},"end":{"line":29,"column":68}}],"line":29},"3":{"loc":{"start":{"line":31,"column":0},"end":{"line":32,"column":null}},"type":"if","locations":[{"start":{"line":31,"column":0},"end":{"line":32,"column":null}},{"start":{},"end":{}}],"line":31}},"s":{"0":0,"1":0,"2":0,"3":0,"4":0,"5":0,"6":0,"7":0,"8":0},"f":{"0":0},"b":{"0":[0,0],"1":[0,0],"2":[0,0],"3":[0,0]},"meta":{"lastBranch":4,"lastFunction":1,"lastStatement":9,"seen":{"s:4:24:4:Infinity":0,"f:12:9:12:44":0,"s:13:22:13:Infinity":1,"b:14:2:15:Infinity:undefined:undefined:undefined:undefined":0,"s:14:2:15:Infinity":2,"s:15:4:15:Infinity":3,"s:18:18:18:65":4,"s:20:2:26:Infinity":5,"b:24:10:24:Infinity:25:10:25:Infinity":1,"s:29:22:29:68":6,"b:29:22:29:48:29:48:29:68":2,"b:31:0:32:Infinity:undefined:undefined:undefined:undefined":3,"s:31:0:32:Infinity":7,"s:32:2:32:Infinity":8}}}
,"/Users/chienlvm/Project/arcQRPay/app/src/lib/pusher-client.ts": {"path":"/Users/chienlvm/Project/arcQRPay/app/src/lib/pusher-client.ts","statementMap":{"0":{"start":{"line":3,"column":36},"end":{"line":3,"column":null}},"1":{"start":{"line":10,"column":2},"end":{"line":20,"column":null}},"2":{"start":{"line":11,"column":16},"end":{"line":11,"column":null}},"3":{"start":{"line":12,"column":20},"end":{"line":12,"column":null}},"4":{"start":{"line":14,"column":4},"end":{"line":15,"column":null}},"5":{"start":{"line":15,"column":6},"end":{"line":15,"column":null}},"6":{"start":{"line":18,"column":4},"end":{"line":20,"column":null}},"7":{"start":{"line":23,"column":2},"end":{"line":23,"column":null}}},"fnMap":{"0":{"name":"getPusherClient","decl":{"start":{"line":9,"column":16},"end":{"line":9,"column":44}},"loc":{"start":{"line":9,"column":44},"end":{"line":23,"column":null}},"line":9}},"branchMap":{"0":{"loc":{"start":{"line":10,"column":2},"end":{"line":20,"column":null}},"type":"if","locations":[{"start":{"line":10,"column":2},"end":{"line":20,"column":null}},{"start":{},"end":{}}],"line":10},"1":{"loc":{"start":{"line":14,"column":4},"end":{"line":15,"column":null}},"type":"if","locations":[{"start":{"line":14,"column":4},"end":{"line":15,"column":null}},{"start":{},"end":{}}],"line":14},"2":{"loc":{"start":{"line":14,"column":8},"end":{"line":14,"column":26}},"type":"binary-expr","locations":[{"start":{"line":14,"column":8},"end":{"line":14,"column":16}},{"start":{"line":14,"column":16},"end":{"line":14,"column":26}}],"line":14}},"s":{"0":0,"1":0,"2":0,"3":0,"4":0,"5":0,"6":0,"7":0},"f":{"0":0},"b":{"0":[0,0],"1":[0,0],"2":[0,0]},"meta":{"lastBranch":3,"lastFunction":1,"lastStatement":8,"seen":{"s:3:36:3:Infinity":0,"f:9:16:9:44":0,"b:10:2:20:Infinity:undefined:undefined:undefined:undefined":0,"s:10:2:20:Infinity":1,"s:11:16:11:Infinity":2,"s:12:20:12:Infinity":3,"b:14:4:15:Infinity:undefined:undefined:undefined:undefined":1,"s:14:4:15:Infinity":4,"b:14:8:14:16:14:16:14:26":2,"s:15:6:15:Infinity":5,"s:18:4:20:Infinity":6,"s:23:2:23:Infinity":7}}}
,"/Users/chienlvm/Project/arcQRPay/app/src/lib/pusher-server.ts": {"path":"/Users/chienlvm/Project/arcQRPay/app/src/lib/pusher-server.ts","statementMap":{"0":{"start":{"line":7,"column":34},"end":{"line":7,"column":null}},"1":{"start":{"line":10,"column":2},"end":{"line":23,"column":null}},"2":{"start":{"line":11,"column":73},"end":{"line":11,"column":null}},"3":{"start":{"line":13,"column":4},"end":{"line":14,"column":null}},"4":{"start":{"line":14,"column":6},"end":{"line":14,"column":null}},"5":{"start":{"line":17,"column":4},"end":{"line":23,"column":null}},"6":{"start":{"line":26,"column":2},"end":{"line":26,"column":null}},"7":{"start":{"line":34,"column":2},"end":{"line":34,"column":null}},"8":{"start":{"line":38,"column":29},"end":{"line":41,"column":null}}},"fnMap":{"0":{"name":"getPusherServer","decl":{"start":{"line":9,"column":16},"end":{"line":9,"column":42}},"loc":{"start":{"line":9,"column":42},"end":{"line":26,"column":null}},"line":9},"1":{"name":"merchantChannel","decl":{"start":{"line":33,"column":16},"end":{"line":33,"column":32}},"loc":{"start":{"line":33,"column":60},"end":{"line":34,"column":null}},"line":33}},"branchMap":{"0":{"loc":{"start":{"line":10,"column":2},"end":{"line":23,"column":null}},"type":"if","locations":[{"start":{"line":10,"column":2},"end":{"line":23,"column":null}},{"start":{},"end":{}}],"line":10},"1":{"loc":{"start":{"line":13,"column":4},"end":{"line":14,"column":null}},"type":"if","locations":[{"start":{"line":13,"column":4},"end":{"line":14,"column":null}},{"start":{},"end":{}}],"line":13},"2":{"loc":{"start":{"line":13,"column":8},"end":{"line":13,"column":76}},"type":"binary-expr","locations":[{"start":{"line":13,"column":8},"end":{"line":13,"column":26}},{"start":{"line":13,"column":26},"end":{"line":13,"column":41}},{"start":{"line":13,"column":41},"end":{"line":13,"column":59}},{"start":{"line":13,"column":59},"end":{"line":13,"column":76}}],"line":13}},"s":{"0":0,"1":0,"2":0,"3":0,"4":0,"5":0,"6":0,"7":0,"8":0},"f":{"0":0,"1":0},"b":{"0":[0,0],"1":[0,0],"2":[0,0,0,0]},"meta":{"lastBranch":3,"lastFunction":2,"lastStatement":9,"seen":{"s:7:34:7:Infinity":0,"f:9:16:9:42":0,"b:10:2:23:Infinity:undefined:undefined:undefined:undefined":0,"s:10:2:23:Infinity":1,"s:11:73:11:Infinity":2,"b:13:4:14:Infinity:undefined:undefined:undefined:undefined":1,"s:13:4:14:Infinity":3,"b:13:8:13:26:13:26:13:41:13:41:13:59:13:59:13:76":2,"s:14:6:14:Infinity":4,"s:17:4:23:Infinity":5,"s:26:2:26:Infinity":6,"f:33:16:33:32":1,"s:34:2:34:Infinity":7,"s:38:29:41:Infinity":8}}}
}
